Command: /home/host/temp/conv/./top_tb +vpdfile+top_tb.vpd -l ./log/sim.log +WAVE_PATH=./ +WAVE_TYPE=fsdb
Chronologic VCS simulator copyright 1991-2018
Contains Synopsys proprietary information.
Compiler version O-2018.09-1_Full64; Runtime version O-2018.09-1_Full64;  Sep 21 08:36 2022
*Verdi* Loading libsscore_vcs201809.so
FSDB Dumper for VCS, Release Verdi_O-2018.09-SP2, Linux x86_64/64bit, 02/21/2019
(C) 1996 - 2019 by Synopsys, Inc.
*Verdi* FSDB WARNING: The FSDB file already exists. Overwriting the FSDB file may crash the programs that are using this file.
*Verdi* : Create FSDB file 'conv.fsdb'
*Verdi* : Begin traversing the scope (conv_tb), layer (0).
*Verdi* : End of traversing.
-------------Simulation done--------------

result[          0] pass , result[          0] is   6 !!
result[          1] pass , result[          1] is   6 !!
result[          2] fail , result[          2] is   5 !!
result[          3] pass , result[          3] is   5 !!
$finish called from file "./tb/conv_tb.v", line 229.
$finish at simulation time                 7750
           V C S   S i m u l a t i o n   R e p o r t 
Time: 775000 ps
CPU Time:      0.330 seconds;       Data structure size:   0.0Mb
Wed Sep 21 08:36:53 2022
